2025-08-31 14:59:41,298 [DEBUG] [MainThread] [comtypes/__init__.py:149]: CoInitializeEx(None, 2)
2025-08-31 14:59:41,536 [DEBUG] [MainThread] [tzlocal/win32.py:55]: Looking up time zone info from registry
2025-08-31 14:59:42,861 [INFO] [MainThread] [root/bar_manager.py:74]: Starting KomorebiEventListener...
2025-08-31 14:59:42,861 [INFO] [MainThread] [root/bar_manager.py:74]: Starting SystemEventListener...
2025-08-31 14:59:42,862 [ERROR] [MainThread] [root/widget_builder.py:93]: Failed to validate widget(s) due to invalid options  - wifi
      color:
      - unknown field
      enabled:
      - unknown field
      offset:
      - unknown field
      radius:
      - unknown field
      
2025-08-31 14:59:42,875 [INFO] [Dummy-3] [root/event_listener.py:51]: Created named pipe yasb-73e0a9e0-8640-11f0-8956-00e0206c3426
2025-08-31 14:59:47,117 [INFO] [MainThread] [root/watcher.py:54]: Created file watcher for path C:\Users\lazydog\.config\yasb
2025-08-31 14:59:47,216 [DEBUG] [MainThread] [qasync._windows._EventPoller/_windows.py:213]: Starting (proactor: <_IocpProactor overlapped#=0 result#=0>)...
2025-08-31 14:59:47,220 [DEBUG] [Dummy-9] [qasync._windows._EventWorker/_windows.py:192]: Thread started
2025-08-31 14:59:51,014 [INFO] [MainThread] [root/controller.py:15]: Reloading Application because of config change.
2025-08-31 14:59:51,128 [INFO] [MainThread] [cli_server/cli_server.py:112]: Log pipe server stopped
2025-08-31 14:59:51,128 [DEBUG] [MainThread] [cli_server/cli_server.py:206]: CLI server stopped
2025-08-31 14:59:51,140 [INFO] [MainThread] [root/bar_manager.py:65]: Successfully loaded updated config and re-initialised all bars.
2025-08-31 14:59:51,140 [DEBUG] [MainThread] [qasync._windows._EventPoller/_windows.py:218]: Stopping worker thread...
2025-08-31 14:59:51,144 [DEBUG] [Dummy-9] [qasync._windows._EventWorker/_windows.py:201]: Exiting thread
2025-08-31 14:59:51,144 [DEBUG] [MainThread] [qasync._windows._IocpProactor/_windows.py:75]: Closing
2025-08-31 14:59:51,734 [INFO] [MainThread] [root/log.py:59]: YASB v1.7.9
2025-08-31 14:59:51,734 [INFO] [Thread-1 (_run_server)] [cli_server/cli_server.py:212]: CLI server started v1.1.2
2025-08-31 14:59:51,734 [INFO] [MainThread] [cli_server/cli_server.py:104]: Log pipe server started
2025-08-31 14:59:52,162 [DEBUG] [MainThread] [comtypes/__init__.py:149]: CoInitializeEx(None, 2)
2025-08-31 14:59:52,455 [DEBUG] [MainThread] [tzlocal/win32.py:55]: Looking up time zone info from registry
2025-08-31 14:59:53,767 [INFO] [MainThread] [root/bar_manager.py:74]: Starting KomorebiEventListener...
2025-08-31 14:59:53,768 [INFO] [MainThread] [root/bar_manager.py:74]: Starting SystemEventListener...
2025-08-31 14:59:53,768 [ERROR] [MainThread] [root/widget_builder.py:93]: Failed to validate widget(s) due to invalid options  - wifi
      enabled:
      - unknown field
      
2025-08-31 14:59:53,779 [INFO] [Dummy-3] [root/event_listener.py:51]: Created named pipe yasb-7a60ae3a-8640-11f0-bb60-00e0206c3426
2025-08-31 14:59:54,812 [INFO] [MainThread] [root/watcher.py:54]: Created file watcher for path C:\Users\lazydog\.config\yasb
2025-08-31 14:59:54,904 [DEBUG] [MainThread] [qasync._windows._EventPoller/_windows.py:213]: Starting (proactor: <_IocpProactor overlapped#=0 result#=0>)...
2025-08-31 14:59:54,905 [DEBUG] [Dummy-9] [qasync._windows._EventWorker/_windows.py:192]: Thread started
2025-08-31 15:00:04,593 [INFO] [MainThread] [root/controller.py:15]: Reloading Application because of config change.
2025-08-31 15:00:04,703 [INFO] [MainThread] [cli_server/cli_server.py:112]: Log pipe server stopped
2025-08-31 15:00:04,703 [DEBUG] [MainThread] [cli_server/cli_server.py:206]: CLI server stopped
2025-08-31 15:00:04,715 [INFO] [MainThread] [root/bar_manager.py:65]: Successfully loaded updated config and re-initialised all bars.
2025-08-31 15:00:04,715 [DEBUG] [MainThread] [qasync._windows._EventPoller/_windows.py:218]: Stopping worker thread...
2025-08-31 15:00:04,727 [DEBUG] [Dummy-9] [qasync._windows._EventWorker/_windows.py:201]: Exiting thread
2025-08-31 15:00:04,727 [DEBUG] [MainThread] [qasync._windows._IocpProactor/_windows.py:75]: Closing
2025-08-31 15:00:05,303 [INFO] [MainThread] [root/log.py:59]: YASB v1.7.9
2025-08-31 15:00:05,307 [INFO] [Thread-1 (_run_server)] [cli_server/cli_server.py:212]: CLI server started v1.1.2
2025-08-31 15:00:05,308 [INFO] [MainThread] [cli_server/cli_server.py:104]: Log pipe server started
2025-08-31 15:00:05,721 [DEBUG] [MainThread] [comtypes/__init__.py:149]: CoInitializeEx(None, 2)
2025-08-31 15:00:06,067 [DEBUG] [MainThread] [tzlocal/win32.py:55]: Looking up time zone info from registry
2025-08-31 15:00:07,043 [INFO] [MainThread] [root/bar_manager.py:74]: Starting SystemEventListener...
2025-08-31 15:00:07,044 [INFO] [MainThread] [root/bar_manager.py:74]: Starting KomorebiEventListener...
2025-08-31 15:00:07,044 [INFO] [MainThread] [root/watcher.py:54]: Created file watcher for path C:\Users\lazydog\.config\yasb
2025-08-31 15:00:07,079 [INFO] [Dummy-5] [root/event_listener.py:51]: Created named pipe yasb-824a9fed-8640-11f0-a34f-00e0206c3426
2025-08-31 15:00:07,142 [DEBUG] [MainThread] [qasync._windows._EventPoller/_windows.py:213]: Starting (proactor: <_IocpProactor overlapped#=0 result#=0>)...
2025-08-31 15:00:07,144 [DEBUG] [Dummy-9] [qasync._windows._EventWorker/_windows.py:192]: Thread started
2025-08-31 15:00:07,998 [INFO] [MainThread] [root/controller.py:15]: Reloading Application because of config change.
2025-08-31 15:00:08,105 [INFO] [MainThread] [cli_server/cli_server.py:112]: Log pipe server stopped
2025-08-31 15:00:08,105 [DEBUG] [MainThread] [cli_server/cli_server.py:206]: CLI server stopped
2025-08-31 15:00:08,111 [INFO] [MainThread] [root/bar_manager.py:65]: Successfully loaded updated config and re-initialised all bars.
2025-08-31 15:00:08,111 [DEBUG] [MainThread] [qasync._windows._EventPoller/_windows.py:218]: Stopping worker thread...
2025-08-31 15:00:08,117 [DEBUG] [Dummy-9] [qasync._windows._EventWorker/_windows.py:201]: Exiting thread
2025-08-31 15:00:08,117 [DEBUG] [MainThread] [qasync._windows._IocpProactor/_windows.py:75]: Closing
2025-08-31 15:00:08,658 [INFO] [MainThread] [root/log.py:59]: YASB v1.7.9
2025-08-31 15:00:08,658 [INFO] [Thread-1 (_run_server)] [cli_server/cli_server.py:212]: CLI server started v1.1.2
2025-08-31 15:00:08,658 [INFO] [MainThread] [cli_server/cli_server.py:104]: Log pipe server started
2025-08-31 15:00:09,033 [DEBUG] [MainThread] [comtypes/__init__.py:149]: CoInitializeEx(None, 2)
2025-08-31 15:00:09,321 [DEBUG] [MainThread] [tzlocal/win32.py:55]: Looking up time zone info from registry
2025-08-31 15:00:10,295 [INFO] [MainThread] [root/bar_manager.py:74]: Starting KomorebiEventListener...
2025-08-31 15:00:10,295 [INFO] [MainThread] [root/bar_manager.py:74]: Starting SystemEventListener...
2025-08-31 15:00:10,296 [INFO] [MainThread] [root/watcher.py:54]: Created file watcher for path C:\Users\lazydog\.config\yasb
2025-08-31 15:00:10,324 [INFO] [Dummy-5] [root/event_listener.py:51]: Created named pipe yasb-843ac895-8640-11f0-ae69-00e0206c3426
2025-08-31 15:00:10,377 [DEBUG] [MainThread] [qasync._windows._EventPoller/_windows.py:213]: Starting (proactor: <_IocpProactor overlapped#=0 result#=0>)...
2025-08-31 15:00:10,379 [DEBUG] [Dummy-9] [qasync._windows._EventWorker/_windows.py:192]: Thread started
2025-08-31 15:00:12,533 [INFO] [MainThread] [root/controller.py:15]: Reloading Application because of config change.
2025-08-31 15:00:12,636 [INFO] [MainThread] [cli_server/cli_server.py:112]: Log pipe server stopped
2025-08-31 15:00:12,636 [DEBUG] [MainThread] [cli_server/cli_server.py:206]: CLI server stopped
2025-08-31 15:00:12,640 [INFO] [MainThread] [root/bar_manager.py:65]: Successfully loaded updated config and re-initialised all bars.
2025-08-31 15:00:12,640 [DEBUG] [MainThread] [qasync._windows._EventPoller/_windows.py:218]: Stopping worker thread...
2025-08-31 15:00:12,650 [DEBUG] [Dummy-9] [qasync._windows._EventWorker/_windows.py:201]: Exiting thread
2025-08-31 15:00:12,650 [DEBUG] [MainThread] [qasync._windows._IocpProactor/_windows.py:75]: Closing
2025-08-31 15:00:12,682 [ERROR] [Dummy-10] [root/event_service.py:32]: Failed to emit signal <bound PYQT_SIGNAL window_name_change of ActiveWindowWidget object at 0x00000270FF038870>. Removing link to WinEvent.EventObjectNameChange.
2025-08-31 15:00:13,148 [INFO] [MainThread] [root/log.py:59]: YASB v1.7.9
2025-08-31 15:00:13,148 [INFO] [Thread-1 (_run_server)] [cli_server/cli_server.py:212]: CLI server started v1.1.2
2025-08-31 15:00:13,148 [INFO] [MainThread] [cli_server/cli_server.py:104]: Log pipe server started
2025-08-31 15:00:13,548 [DEBUG] [MainThread] [comtypes/__init__.py:149]: CoInitializeEx(None, 2)
2025-08-31 15:00:13,904 [DEBUG] [MainThread] [tzlocal/win32.py:55]: Looking up time zone info from registry
2025-08-31 15:00:14,859 [INFO] [MainThread] [root/bar_manager.py:74]: Starting KomorebiEventListener...
2025-08-31 15:00:14,859 [INFO] [MainThread] [root/bar_manager.py:74]: Starting SystemEventListener...
2025-08-31 15:00:14,860 [INFO] [MainThread] [root/watcher.py:54]: Created file watcher for path C:\Users\lazydog\.config\yasb
2025-08-31 15:00:14,861 [INFO] [Dummy-5] [root/event_listener.py:51]: Created named pipe yasb-86f32c0b-8640-11f0-b689-00e0206c3426
2025-08-31 15:00:14,971 [DEBUG] [MainThread] [qasync._windows._EventPoller/_windows.py:213]: Starting (proactor: <_IocpProactor overlapped#=0 result#=0>)...
2025-08-31 15:00:14,973 [DEBUG] [Dummy-9] [qasync._windows._EventWorker/_windows.py:192]: Thread started
2025-08-31 15:00:22,907 [INFO] [MainThread] [root/controller.py:15]: Reloading Application because of config change.
2025-08-31 15:00:23,020 [INFO] [MainThread] [cli_server/cli_server.py:112]: Log pipe server stopped
2025-08-31 15:00:23,020 [DEBUG] [MainThread] [cli_server/cli_server.py:206]: CLI server stopped
2025-08-31 15:00:23,027 [INFO] [MainThread] [root/bar_manager.py:65]: Successfully loaded updated config and re-initialised all bars.
2025-08-31 15:00:23,027 [DEBUG] [MainThread] [qasync._windows._EventPoller/_windows.py:218]: Stopping worker thread...
2025-08-31 15:00:23,034 [DEBUG] [Dummy-9] [qasync._windows._EventWorker/_windows.py:201]: Exiting thread
2025-08-31 15:00:23,035 [DEBUG] [MainThread] [qasync._windows._IocpProactor/_windows.py:75]: Closing
2025-08-31 15:00:23,078 [ERROR] [Dummy-12] [root/event_service.py:32]: Failed to emit signal <bound PYQT_SIGNAL window_name_change of ActiveWindowWidget object at 0x000001CB57198870>. Removing link to WinEvent.EventObjectNameChange.
2025-08-31 15:00:23,507 [INFO] [MainThread] [root/log.py:59]: YASB v1.7.9
2025-08-31 15:00:23,507 [INFO] [Thread-1 (_run_server)] [cli_server/cli_server.py:212]: CLI server started v1.1.2
2025-08-31 15:00:23,507 [INFO] [MainThread] [cli_server/cli_server.py:104]: Log pipe server started
2025-08-31 15:00:23,864 [DEBUG] [MainThread] [comtypes/__init__.py:149]: CoInitializeEx(None, 2)
2025-08-31 15:00:24,114 [DEBUG] [MainThread] [tzlocal/win32.py:55]: Looking up time zone info from registry
2025-08-31 15:00:25,174 [INFO] [MainThread] [root/bar_manager.py:74]: Starting SystemEventListener...
2025-08-31 15:00:25,175 [INFO] [MainThread] [root/bar_manager.py:74]: Starting KomorebiEventListener...
2025-08-31 15:00:25,175 [INFO] [MainThread] [root/watcher.py:54]: Created file watcher for path C:\Users\lazydog\.config\yasb
2025-08-31 15:00:25,204 [INFO] [Dummy-5] [root/event_listener.py:51]: Created named pipe yasb-8d194785-8640-11f0-bf2f-00e0206c3426
2025-08-31 15:00:25,269 [DEBUG] [MainThread] [qasync._windows._EventPoller/_windows.py:213]: Starting (proactor: <_IocpProactor overlapped#=0 result#=0>)...
2025-08-31 15:00:25,271 [DEBUG] [Dummy-9] [qasync._windows._EventWorker/_windows.py:192]: Thread started
2025-08-31 15:00:31,118 [INFO] [MainThread] [root/controller.py:15]: Reloading Application because of config change.
2025-08-31 15:00:31,227 [INFO] [MainThread] [cli_server/cli_server.py:112]: Log pipe server stopped
2025-08-31 15:00:31,227 [DEBUG] [MainThread] [cli_server/cli_server.py:206]: CLI server stopped
2025-08-31 15:00:31,238 [INFO] [MainThread] [root/bar_manager.py:65]: Successfully loaded updated config and re-initialised all bars.
2025-08-31 15:00:31,238 [DEBUG] [MainThread] [qasync._windows._EventPoller/_windows.py:218]: Stopping worker thread...
2025-08-31 15:00:31,242 [DEBUG] [Dummy-9] [qasync._windows._EventWorker/_windows.py:201]: Exiting thread
2025-08-31 15:00:31,243 [DEBUG] [MainThread] [qasync._windows._IocpProactor/_windows.py:75]: Closing
2025-08-31 15:00:31,277 [ERROR] [Dummy-12] [root/event_service.py:32]: Failed to emit signal <bound PYQT_SIGNAL window_name_change of ActiveWindowWidget object at 0x00000166D6648870>. Removing link to WinEvent.EventObjectNameChange.
2025-08-31 15:00:31,873 [INFO] [MainThread] [root/log.py:59]: YASB v1.7.9
2025-08-31 15:00:31,877 [INFO] [Thread-1 (_run_server)] [cli_server/cli_server.py:212]: CLI server started v1.1.2
2025-08-31 15:00:31,877 [INFO] [MainThread] [cli_server/cli_server.py:104]: Log pipe server started
2025-08-31 15:00:32,309 [DEBUG] [MainThread] [comtypes/__init__.py:149]: CoInitializeEx(None, 2)
2025-08-31 15:00:32,633 [DEBUG] [MainThread] [tzlocal/win32.py:55]: Looking up time zone info from registry
2025-08-31 15:00:33,574 [INFO] [MainThread] [root/bar_manager.py:74]: Starting KomorebiEventListener...
2025-08-31 15:00:33,574 [INFO] [MainThread] [root/bar_manager.py:74]: Starting SystemEventListener...
2025-08-31 15:00:33,574 [INFO] [MainThread] [root/watcher.py:54]: Created file watcher for path C:\Users\lazydog\.config\yasb
2025-08-31 15:00:33,606 [INFO] [Dummy-5] [root/event_listener.py:51]: Created named pipe yasb-921ac611-8640-11f0-a8b8-00e0206c3426
2025-08-31 15:00:33,665 [DEBUG] [MainThread] [qasync._windows._EventPoller/_windows.py:213]: Starting (proactor: <_IocpProactor overlapped#=0 result#=0>)...
2025-08-31 15:00:33,666 [DEBUG] [Dummy-9] [qasync._windows._EventWorker/_windows.py:192]: Thread started
2025-08-31 15:00:42,181 [INFO] [MainThread] [root/controller.py:15]: Reloading Application because of config change.
2025-08-31 15:00:42,287 [INFO] [MainThread] [cli_server/cli_server.py:112]: Log pipe server stopped
2025-08-31 15:00:42,287 [DEBUG] [MainThread] [cli_server/cli_server.py:206]: CLI server stopped
2025-08-31 15:00:42,307 [INFO] [MainThread] [root/bar_manager.py:65]: Successfully loaded updated config and re-initialised all bars.
2025-08-31 15:00:42,307 [DEBUG] [MainThread] [qasync._windows._EventPoller/_windows.py:218]: Stopping worker thread...
2025-08-31 15:00:42,317 [DEBUG] [Dummy-9] [qasync._windows._EventWorker/_windows.py:201]: Exiting thread
2025-08-31 15:00:42,318 [DEBUG] [MainThread] [qasync._windows._IocpProactor/_windows.py:75]: Closing
2025-08-31 15:00:42,355 [ERROR] [Dummy-12] [root/event_service.py:32]: Failed to emit signal <bound PYQT_SIGNAL window_name_change of ActiveWindowWidget object at 0x000001F48E08C870>. Removing link to WinEvent.EventObjectNameChange.
2025-08-31 15:00:42,791 [INFO] [MainThread] [root/log.py:59]: YASB v1.7.9
2025-08-31 15:00:42,791 [INFO] [Thread-1 (_run_server)] [cli_server/cli_server.py:212]: CLI server started v1.1.2
2025-08-31 15:00:42,791 [INFO] [MainThread] [cli_server/cli_server.py:104]: Log pipe server started
2025-08-31 15:00:43,143 [DEBUG] [MainThread] [comtypes/__init__.py:149]: CoInitializeEx(None, 2)
2025-08-31 15:00:43,391 [DEBUG] [MainThread] [tzlocal/win32.py:55]: Looking up time zone info from registry
2025-08-31 15:00:44,426 [INFO] [MainThread] [root/bar_manager.py:74]: Starting SystemEventListener...
2025-08-31 15:00:44,426 [INFO] [MainThread] [root/bar_manager.py:74]: Starting KomorebiEventListener...
2025-08-31 15:00:44,427 [INFO] [MainThread] [root/watcher.py:54]: Created file watcher for path C:\Users\lazydog\.config\yasb
2025-08-31 15:00:44,460 [INFO] [Dummy-5] [root/event_listener.py:51]: Created named pipe yasb-9892a4fc-8640-11f0-8c55-00e0206c3426
2025-08-31 15:00:44,521 [DEBUG] [MainThread] [qasync._windows._EventPoller/_windows.py:213]: Starting (proactor: <_IocpProactor overlapped#=0 result#=0>)...
2025-08-31 15:00:44,522 [DEBUG] [Dummy-9] [qasync._windows._EventWorker/_windows.py:192]: Thread started
2025-08-31 15:01:27,465 [INFO] [MainThread] [root/controller.py:15]: Reloading Application because of config change.
2025-08-31 15:01:27,574 [INFO] [MainThread] [cli_server/cli_server.py:112]: Log pipe server stopped
2025-08-31 15:01:27,574 [DEBUG] [MainThread] [cli_server/cli_server.py:206]: CLI server stopped
2025-08-31 15:01:27,584 [INFO] [MainThread] [root/bar_manager.py:65]: Successfully loaded updated config and re-initialised all bars.
2025-08-31 15:01:27,584 [DEBUG] [MainThread] [qasync._windows._EventPoller/_windows.py:218]: Stopping worker thread...
2025-08-31 15:01:27,590 [DEBUG] [Dummy-9] [qasync._windows._EventWorker/_windows.py:201]: Exiting thread
2025-08-31 15:01:27,591 [DEBUG] [MainThread] [qasync._windows._IocpProactor/_windows.py:75]: Closing
2025-08-31 15:01:27,623 [ERROR] [Dummy-26] [root/event_service.py:32]: Failed to emit signal <bound PYQT_SIGNAL window_name_change of ActiveWindowWidget object at 0x0000020B53FCC870>. Removing link to WinEvent.EventObjectNameChange.
2025-08-31 15:01:28,063 [INFO] [MainThread] [root/log.py:59]: YASB v1.7.9
2025-08-31 15:01:28,064 [INFO] [Thread-1 (_run_server)] [cli_server/cli_server.py:212]: CLI server started v1.1.2
2025-08-31 15:01:28,064 [INFO] [MainThread] [cli_server/cli_server.py:104]: Log pipe server started
2025-08-31 15:01:28,439 [DEBUG] [MainThread] [comtypes/__init__.py:149]: CoInitializeEx(None, 2)
2025-08-31 15:01:28,707 [DEBUG] [MainThread] [tzlocal/win32.py:55]: Looking up time zone info from registry
2025-08-31 15:01:29,738 [INFO] [MainThread] [root/bar_manager.py:74]: Starting KomorebiEventListener...
2025-08-31 15:01:29,738 [INFO] [MainThread] [root/bar_manager.py:74]: Starting SystemEventListener...
2025-08-31 15:01:29,739 [INFO] [MainThread] [root/watcher.py:54]: Created file watcher for path C:\Users\lazydog\.config\yasb
2025-08-31 15:01:29,749 [INFO] [Dummy-5] [root/event_listener.py:51]: Created named pipe yasb-b394b966-8640-11f0-99d1-00e0206c3426
2025-08-31 15:01:29,838 [DEBUG] [MainThread] [qasync._windows._EventPoller/_windows.py:213]: Starting (proactor: <_IocpProactor overlapped#=0 result#=0>)...
2025-08-31 15:01:29,839 [DEBUG] [Dummy-9] [qasync._windows._EventWorker/_windows.py:192]: Thread started
2025-08-31 15:01:31,138 [INFO] [MainThread] [root/controller.py:15]: Reloading Application because of config change.
2025-08-31 15:01:31,244 [INFO] [MainThread] [cli_server/cli_server.py:112]: Log pipe server stopped
2025-08-31 15:01:31,244 [DEBUG] [MainThread] [cli_server/cli_server.py:206]: CLI server stopped
2025-08-31 15:01:31,256 [INFO] [MainThread] [root/bar_manager.py:65]: Successfully loaded updated config and re-initialised all bars.
2025-08-31 15:01:31,257 [DEBUG] [MainThread] [qasync._windows._EventPoller/_windows.py:218]: Stopping worker thread...
2025-08-31 15:01:31,261 [DEBUG] [Dummy-9] [qasync._windows._EventWorker/_windows.py:201]: Exiting thread
2025-08-31 15:01:31,262 [DEBUG] [MainThread] [qasync._windows._IocpProactor/_windows.py:75]: Closing
2025-08-31 15:01:31,885 [INFO] [MainThread] [root/log.py:59]: YASB v1.7.9
2025-08-31 15:01:31,886 [INFO] [Thread-1 (_run_server)] [cli_server/cli_server.py:212]: CLI server started v1.1.2
2025-08-31 15:01:31,886 [INFO] [MainThread] [cli_server/cli_server.py:104]: Log pipe server started
2025-08-31 15:01:32,338 [DEBUG] [MainThread] [comtypes/__init__.py:149]: CoInitializeEx(None, 2)
2025-08-31 15:01:32,648 [DEBUG] [MainThread] [tzlocal/win32.py:55]: Looking up time zone info from registry
2025-08-31 15:01:33,651 [INFO] [MainThread] [root/bar_manager.py:74]: Starting KomorebiEventListener...
2025-08-31 15:01:33,651 [INFO] [MainThread] [root/bar_manager.py:74]: Starting SystemEventListener...
2025-08-31 15:01:33,652 [INFO] [MainThread] [root/watcher.py:54]: Created file watcher for path C:\Users\lazydog\.config\yasb
2025-08-31 15:01:33,653 [INFO] [Dummy-5] [root/event_listener.py:51]: Created named pipe yasb-b5e9df6b-8640-11f0-b3c8-00e0206c3426
2025-08-31 15:01:33,752 [DEBUG] [MainThread] [qasync._windows._EventPoller/_windows.py:213]: Starting (proactor: <_IocpProactor overlapped#=0 result#=0>)...
2025-08-31 15:01:33,753 [DEBUG] [Dummy-9] [qasync._windows._EventWorker/_windows.py:192]: Thread started
2025-08-31 15:01:37,939 [INFO] [MainThread] [root/controller.py:15]: Reloading Application because of config change.
2025-08-31 15:01:38,042 [INFO] [MainThread] [cli_server/cli_server.py:112]: Log pipe server stopped
2025-08-31 15:01:38,042 [DEBUG] [MainThread] [cli_server/cli_server.py:206]: CLI server stopped
2025-08-31 15:01:38,054 [INFO] [MainThread] [root/bar_manager.py:65]: Successfully loaded updated config and re-initialised all bars.
2025-08-31 15:01:38,055 [DEBUG] [MainThread] [qasync._windows._EventPoller/_windows.py:218]: Stopping worker thread...
2025-08-31 15:01:38,058 [DEBUG] [Dummy-9] [qasync._windows._EventWorker/_windows.py:201]: Exiting thread
2025-08-31 15:01:38,059 [DEBUG] [MainThread] [qasync._windows._IocpProactor/_windows.py:75]: Closing
2025-08-31 15:01:38,103 [ERROR] [Dummy-10] [root/event_service.py:32]: Failed to emit signal <bound PYQT_SIGNAL window_name_change of ActiveWindowWidget object at 0x00000219C3AA8870>. Removing link to WinEvent.EventObjectNameChange.
2025-08-31 15:01:38,588 [INFO] [MainThread] [root/log.py:59]: YASB v1.7.9
2025-08-31 15:01:38,589 [INFO] [Thread-1 (_run_server)] [cli_server/cli_server.py:212]: CLI server started v1.1.2
2025-08-31 15:01:38,589 [INFO] [MainThread] [cli_server/cli_server.py:104]: Log pipe server started
2025-08-31 15:01:38,988 [DEBUG] [MainThread] [comtypes/__init__.py:149]: CoInitializeEx(None, 2)
2025-08-31 15:01:39,285 [DEBUG] [MainThread] [tzlocal/win32.py:55]: Looking up time zone info from registry
2025-08-31 15:01:40,199 [INFO] [MainThread] [root/bar_manager.py:74]: Starting SystemEventListener...
2025-08-31 15:01:40,199 [INFO] [MainThread] [root/bar_manager.py:74]: Starting KomorebiEventListener...
2025-08-31 15:01:40,200 [INFO] [MainThread] [root/watcher.py:54]: Created file watcher for path C:\Users\lazydog\.config\yasb
2025-08-31 15:01:40,211 [INFO] [Dummy-5] [root/event_listener.py:51]: Created named pipe yasb-b9d10d6d-8640-11f0-8e92-00e0206c3426
2025-08-31 15:01:40,291 [DEBUG] [MainThread] [qasync._windows._EventPoller/_windows.py:213]: Starting (proactor: <_IocpProactor overlapped#=0 result#=0>)...
2025-08-31 15:01:40,293 [DEBUG] [Dummy-9] [qasync._windows._EventWorker/_windows.py:192]: Thread started
2025-08-31 15:01:52,808 [INFO] [MainThread] [root/controller.py:15]: Reloading Application because of config change.
2025-08-31 15:01:52,922 [INFO] [MainThread] [cli_server/cli_server.py:112]: Log pipe server stopped
2025-08-31 15:01:52,922 [DEBUG] [MainThread] [cli_server/cli_server.py:206]: CLI server stopped
2025-08-31 15:01:52,931 [INFO] [MainThread] [root/bar_manager.py:65]: Successfully loaded updated config and re-initialised all bars.
2025-08-31 15:01:52,931 [DEBUG] [MainThread] [qasync._windows._EventPoller/_windows.py:218]: Stopping worker thread...
2025-08-31 15:01:52,936 [DEBUG] [Dummy-9] [qasync._windows._EventWorker/_windows.py:201]: Exiting thread
2025-08-31 15:01:52,937 [DEBUG] [MainThread] [qasync._windows._IocpProactor/_windows.py:75]: Closing
2025-08-31 15:01:52,975 [ERROR] [Dummy-14] [root/event_service.py:32]: Failed to emit signal <bound PYQT_SIGNAL window_name_change of ActiveWindowWidget object at 0x000001CDBBD38870>. Removing link to WinEvent.EventObjectNameChange.
2025-08-31 15:01:53,474 [INFO] [MainThread] [root/log.py:59]: YASB v1.7.9
2025-08-31 15:01:53,475 [INFO] [Thread-1 (_run_server)] [cli_server/cli_server.py:212]: CLI server started v1.1.2
2025-08-31 15:01:53,476 [INFO] [MainThread] [cli_server/cli_server.py:104]: Log pipe server started
2025-08-31 15:01:53,870 [DEBUG] [MainThread] [comtypes/__init__.py:149]: CoInitializeEx(None, 2)
2025-08-31 15:01:54,144 [DEBUG] [MainThread] [tzlocal/win32.py:55]: Looking up time zone info from registry
2025-08-31 15:01:55,095 [INFO] [MainThread] [root/bar_manager.py:74]: Starting KomorebiEventListener...
2025-08-31 15:01:55,096 [INFO] [MainThread] [root/bar_manager.py:74]: Starting SystemEventListener...
2025-08-31 15:01:55,096 [INFO] [MainThread] [root/watcher.py:54]: Created file watcher for path C:\Users\lazydog\.config\yasb
2025-08-31 15:01:55,129 [INFO] [Dummy-5] [root/event_listener.py:51]: Created named pipe yasb-c2b1e8d2-8640-11f0-9f8e-00e0206c3426
2025-08-31 15:01:55,185 [DEBUG] [MainThread] [qasync._windows._EventPoller/_windows.py:213]: Starting (proactor: <_IocpProactor overlapped#=0 result#=0>)...
2025-08-31 15:01:55,186 [DEBUG] [Dummy-9] [qasync._windows._EventWorker/_windows.py:192]: Thread started
2025-08-31 15:02:04,998 [INFO] [MainThread] [root/controller.py:15]: Reloading Application because of config change.
2025-08-31 15:02:05,112 [INFO] [MainThread] [cli_server/cli_server.py:112]: Log pipe server stopped
2025-08-31 15:02:05,112 [DEBUG] [MainThread] [cli_server/cli_server.py:206]: CLI server stopped
2025-08-31 15:02:05,125 [INFO] [MainThread] [root/bar_manager.py:65]: Successfully loaded updated config and re-initialised all bars.
2025-08-31 15:02:05,125 [DEBUG] [MainThread] [qasync._windows._EventPoller/_windows.py:218]: Stopping worker thread...
2025-08-31 15:02:05,127 [DEBUG] [Dummy-9] [qasync._windows._EventWorker/_windows.py:201]: Exiting thread
2025-08-31 15:02:05,127 [DEBUG] [MainThread] [qasync._windows._IocpProactor/_windows.py:75]: Closing
2025-08-31 15:02:05,608 [INFO] [MainThread] [root/log.py:59]: YASB v1.7.9
2025-08-31 15:02:05,608 [INFO] [Thread-1 (_run_server)] [cli_server/cli_server.py:212]: CLI server started v1.1.2
2025-08-31 15:02:05,610 [INFO] [MainThread] [cli_server/cli_server.py:104]: Log pipe server started
2025-08-31 15:02:05,977 [DEBUG] [MainThread] [comtypes/__init__.py:149]: CoInitializeEx(None, 2)
2025-08-31 15:02:06,240 [DEBUG] [MainThread] [tzlocal/win32.py:55]: Looking up time zone info from registry
2025-08-31 15:02:07,260 [INFO] [MainThread] [root/bar_manager.py:74]: Starting SystemEventListener...
2025-08-31 15:02:07,260 [INFO] [MainThread] [root/bar_manager.py:74]: Starting KomorebiEventListener...
2025-08-31 15:02:07,261 [INFO] [MainThread] [root/watcher.py:54]: Created file watcher for path C:\Users\lazydog\.config\yasb
2025-08-31 15:02:07,297 [INFO] [Dummy-5] [root/event_listener.py:51]: Created named pipe yasb-c9f2198b-8640-11f0-8bd4-00e0206c3426
2025-08-31 15:02:07,365 [DEBUG] [MainThread] [qasync._windows._EventPoller/_windows.py:213]: Starting (proactor: <_IocpProactor overlapped#=0 result#=0>)...
2025-08-31 15:02:07,367 [DEBUG] [Dummy-9] [qasync._windows._EventWorker/_windows.py:192]: Thread started
2025-08-31 15:02:17,367 [INFO] [MainThread] [root/controller.py:15]: Reloading Application because of config change.
2025-08-31 15:02:17,477 [INFO] [MainThread] [cli_server/cli_server.py:112]: Log pipe server stopped
2025-08-31 15:02:17,477 [DEBUG] [MainThread] [cli_server/cli_server.py:206]: CLI server stopped
2025-08-31 15:02:17,486 [INFO] [MainThread] [root/bar_manager.py:65]: Successfully loaded updated config and re-initialised all bars.
2025-08-31 15:02:17,486 [DEBUG] [MainThread] [qasync._windows._EventPoller/_windows.py:218]: Stopping worker thread...
2025-08-31 15:02:17,492 [DEBUG] [Dummy-9] [qasync._windows._EventWorker/_windows.py:201]: Exiting thread
2025-08-31 15:02:17,493 [DEBUG] [MainThread] [qasync._windows._IocpProactor/_windows.py:75]: Closing
2025-08-31 15:02:17,544 [ERROR] [Dummy-12] [root/event_service.py:32]: Failed to emit signal <bound PYQT_SIGNAL window_name_change of ActiveWindowWidget object at 0x000001E0956DC870>. Removing link to WinEvent.EventObjectNameChange.
2025-08-31 15:02:18,010 [INFO] [MainThread] [root/log.py:59]: YASB v1.7.9
2025-08-31 15:02:18,011 [INFO] [Thread-1 (_run_server)] [cli_server/cli_server.py:212]: CLI server started v1.1.2
2025-08-31 15:02:18,012 [INFO] [MainThread] [cli_server/cli_server.py:104]: Log pipe server started
2025-08-31 15:02:18,434 [DEBUG] [MainThread] [comtypes/__init__.py:149]: CoInitializeEx(None, 2)
2025-08-31 15:02:18,749 [DEBUG] [MainThread] [tzlocal/win32.py:55]: Looking up time zone info from registry
2025-08-31 15:02:20,018 [INFO] [MainThread] [root/bar_manager.py:74]: Starting SystemEventListener...
2025-08-31 15:02:20,018 [INFO] [MainThread] [root/bar_manager.py:74]: Starting KomorebiEventListener...
2025-08-31 15:02:20,019 [INFO] [MainThread] [root/watcher.py:54]: Created file watcher for path C:\Users\lazydog\.config\yasb
2025-08-31 15:02:20,049 [INFO] [Dummy-5] [root/event_listener.py:51]: Created named pipe yasb-d18ce01a-8640-11f0-84ea-00e0206c3426
2025-08-31 15:02:20,100 [DEBUG] [MainThread] [qasync._windows._EventPoller/_windows.py:213]: Starting (proactor: <_IocpProactor overlapped#=0 result#=0>)...
2025-08-31 15:02:20,102 [DEBUG] [Dummy-7] [qasync._windows._EventWorker/_windows.py:192]: Thread started
2025-08-31 15:02:38,906 [ERROR] [MainThread] [root/config.py:124]: The file 'C:\Users\lazydog\.config\yasb\config.yaml' contains Parser Error(s). Please fix:
while parsing a block mapping
  in "C:\Users\lazydog\.config\yasb\config.yaml", line 359, column 11
expected <block end>, but found '<block mapping start>'
  in "C:\Users\lazydog\.config\yasb\config.yaml", line 362, column 12
2025-08-31 15:02:45,978 [ERROR] [MainThread] [root/config.py:124]: The file 'C:\Users\lazydog\.config\yasb\config.yaml' contains Parser Error(s). Please fix:
while parsing a block mapping
  in "C:\Users\lazydog\.config\yasb\config.yaml", line 359, column 11
expected <block end>, but found '<block mapping start>'
  in "C:\Users\lazydog\.config\yasb\config.yaml", line 362, column 12
2025-08-31 15:02:48,610 [ERROR] [MainThread] [root/config.py:124]: The file 'C:\Users\lazydog\.config\yasb\config.yaml' contains Parser Error(s). Please fix:
while parsing a block mapping
  in "C:\Users\lazydog\.config\yasb\config.yaml", line 359, column 11
expected <block end>, but found '<block mapping start>'
  in "C:\Users\lazydog\.config\yasb\config.yaml", line 362, column 12
2025-08-31 15:02:50,252 [ERROR] [MainThread] [root/config.py:124]: The file 'C:\Users\lazydog\.config\yasb\config.yaml' contains Parser Error(s). Please fix:
while parsing a block mapping
  in "C:\Users\lazydog\.config\yasb\config.yaml", line 359, column 11
expected <block end>, but found '<block mapping start>'
  in "C:\Users\lazydog\.config\yasb\config.yaml", line 362, column 12
2025-08-31 15:02:51,646 [ERROR] [MainThread] [root/config.py:124]: The file 'C:\Users\lazydog\.config\yasb\config.yaml' contains Parser Error(s). Please fix:
while parsing a block mapping
  in "C:\Users\lazydog\.config\yasb\config.yaml", line 359, column 11
expected <block end>, but found '<block mapping start>'
  in "C:\Users\lazydog\.config\yasb\config.yaml", line 362, column 12
2025-08-31 15:02:53,403 [ERROR] [MainThread] [root/config.py:124]: The file 'C:\Users\lazydog\.config\yasb\config.yaml' contains Parser Error(s). Please fix:
while parsing a block mapping
  in "C:\Users\lazydog\.config\yasb\config.yaml", line 359, column 11
expected <block end>, but found '<block mapping start>'
  in "C:\Users\lazydog\.config\yasb\config.yaml", line 362, column 12
2025-08-31 15:03:09,599 [INFO] [MainThread] [root/controller.py:15]: Reloading Application because of config change.
2025-08-31 15:03:09,712 [INFO] [MainThread] [cli_server/cli_server.py:112]: Log pipe server stopped
2025-08-31 15:03:09,712 [DEBUG] [MainThread] [cli_server/cli_server.py:206]: CLI server stopped
2025-08-31 15:03:09,730 [INFO] [MainThread] [root/bar_manager.py:65]: Successfully loaded updated config and re-initialised all bars.
2025-08-31 15:03:09,730 [DEBUG] [MainThread] [qasync._windows._EventPoller/_windows.py:218]: Stopping worker thread...
2025-08-31 15:03:09,742 [DEBUG] [Dummy-7] [qasync._windows._EventWorker/_windows.py:201]: Exiting thread
2025-08-31 15:03:09,742 [DEBUG] [MainThread] [qasync._windows._IocpProactor/_windows.py:75]: Closing
2025-08-31 15:03:10,274 [INFO] [MainThread] [root/log.py:59]: YASB v1.7.9
2025-08-31 15:03:10,274 [INFO] [Thread-1 (_run_server)] [cli_server/cli_server.py:212]: CLI server started v1.1.2
2025-08-31 15:03:10,279 [INFO] [MainThread] [cli_server/cli_server.py:104]: Log pipe server started
2025-08-31 15:03:10,684 [DEBUG] [MainThread] [comtypes/__init__.py:149]: CoInitializeEx(None, 2)
2025-08-31 15:03:10,948 [DEBUG] [MainThread] [tzlocal/win32.py:55]: Looking up time zone info from registry
2025-08-31 15:03:12,236 [INFO] [MainThread] [root/bar_manager.py:74]: Starting SystemEventListener...
2025-08-31 15:03:12,237 [INFO] [MainThread] [root/bar_manager.py:74]: Starting KomorebiEventListener...
2025-08-31 15:03:12,237 [INFO] [MainThread] [root/watcher.py:54]: Created file watcher for path C:\Users\lazydog\.config\yasb
2025-08-31 15:03:12,269 [INFO] [Dummy-5] [root/event_listener.py:51]: Created named pipe yasb-f0acd343-8640-11f0-b5ec-00e0206c3426
2025-08-31 15:03:12,331 [DEBUG] [MainThread] [qasync._windows._EventPoller/_windows.py:213]: Starting (proactor: <_IocpProactor overlapped#=0 result#=0>)...
2025-08-31 15:03:12,332 [DEBUG] [Dummy-9] [qasync._windows._EventWorker/_windows.py:192]: Thread started
2025-08-31 15:03:55,478 [ERROR] [MainThread] [root/config.py:124]: The file 'C:\Users\lazydog\.config\yasb\config.yaml' contains Parser Error(s). Please fix:
while parsing a block mapping
  in "C:\Users\lazydog\.config\yasb\config.yaml", line 359, column 11
expected <block end>, but found '<block mapping start>'
  in "C:\Users\lazydog\.config\yasb\config.yaml", line 362, column 12
2025-08-31 15:04:26,743 [INFO] [MainThread] [root/controller.py:15]: Reloading Application because of config change.
2025-08-31 15:04:26,853 [INFO] [MainThread] [cli_server/cli_server.py:112]: Log pipe server stopped
2025-08-31 15:04:26,853 [DEBUG] [MainThread] [cli_server/cli_server.py:206]: CLI server stopped
2025-08-31 15:04:26,863 [INFO] [MainThread] [root/bar_manager.py:65]: Successfully loaded updated config and re-initialised all bars.
2025-08-31 15:04:26,863 [DEBUG] [MainThread] [qasync._windows._EventPoller/_windows.py:218]: Stopping worker thread...
2025-08-31 15:04:26,873 [DEBUG] [Dummy-9] [qasync._windows._EventWorker/_windows.py:201]: Exiting thread
2025-08-31 15:04:26,873 [DEBUG] [MainThread] [qasync._windows._IocpProactor/_windows.py:75]: Closing
2025-08-31 15:04:27,495 [INFO] [MainThread] [root/log.py:59]: YASB v1.7.9
2025-08-31 15:04:27,496 [INFO] [Thread-1 (_run_server)] [cli_server/cli_server.py:212]: CLI server started v1.1.2
2025-08-31 15:04:27,497 [INFO] [MainThread] [cli_server/cli_server.py:104]: Log pipe server started
2025-08-31 15:04:27,980 [DEBUG] [MainThread] [comtypes/__init__.py:149]: CoInitializeEx(None, 2)
2025-08-31 15:04:28,281 [DEBUG] [MainThread] [tzlocal/win32.py:55]: Looking up time zone info from registry
2025-08-31 15:04:29,520 [INFO] [MainThread] [root/bar_manager.py:74]: Starting SystemEventListener...
2025-08-31 15:04:29,520 [INFO] [MainThread] [root/bar_manager.py:74]: Starting KomorebiEventListener...
2025-08-31 15:04:29,520 [ERROR] [MainThread] [root/widget_builder.py:93]: Failed to validate widget(s) due to invalid options  - wifi
      callbacks:
      - ethernet_label:
        - unknown field
      
2025-08-31 15:04:29,534 [INFO] [Dummy-3] [root/event_listener.py:51]: Created named pipe yasb-1ebd3e8f-8641-11f0-8bf1-00e0206c3426
2025-08-31 15:04:33,638 [INFO] [MainThread] [root/watcher.py:54]: Created file watcher for path C:\Users\lazydog\.config\yasb
2025-08-31 15:04:33,758 [DEBUG] [MainThread] [qasync._windows._EventPoller/_windows.py:213]: Starting (proactor: <_IocpProactor overlapped#=0 result#=0>)...
2025-08-31 15:04:33,767 [DEBUG] [Dummy-9] [qasync._windows._EventWorker/_windows.py:192]: Thread started
2025-08-31 15:04:36,543 [INFO] [MainThread] [root/controller.py:15]: Reloading Application because of config change.
2025-08-31 15:04:36,645 [INFO] [MainThread] [cli_server/cli_server.py:112]: Log pipe server stopped
2025-08-31 15:04:36,645 [DEBUG] [MainThread] [cli_server/cli_server.py:206]: CLI server stopped
2025-08-31 15:04:36,655 [INFO] [MainThread] [root/bar_manager.py:65]: Successfully loaded updated config and re-initialised all bars.
2025-08-31 15:04:36,655 [DEBUG] [MainThread] [qasync._windows._EventPoller/_windows.py:218]: Stopping worker thread...
2025-08-31 15:04:36,665 [DEBUG] [Dummy-9] [qasync._windows._EventWorker/_windows.py:201]: Exiting thread
2025-08-31 15:04:36,665 [DEBUG] [MainThread] [qasync._windows._IocpProactor/_windows.py:75]: Closing
2025-08-31 15:04:36,698 [ERROR] [Dummy-12] [root/event_service.py:32]: Failed to emit signal <bound PYQT_SIGNAL window_name_change of ActiveWindowWidget object at 0x0000019DCF618870>. Removing link to WinEvent.EventObjectNameChange.
2025-08-31 15:04:37,187 [INFO] [MainThread] [root/log.py:59]: YASB v1.7.9
2025-08-31 15:04:37,187 [INFO] [Thread-1 (_run_server)] [cli_server/cli_server.py:212]: CLI server started v1.1.2
2025-08-31 15:04:37,195 [INFO] [MainThread] [cli_server/cli_server.py:104]: Log pipe server started
2025-08-31 15:04:37,558 [DEBUG] [MainThread] [comtypes/__init__.py:149]: CoInitializeEx(None, 2)
2025-08-31 15:04:37,825 [DEBUG] [MainThread] [tzlocal/win32.py:55]: Looking up time zone info from registry
2025-08-31 15:04:38,879 [INFO] [MainThread] [root/bar_manager.py:74]: Starting SystemEventListener...
2025-08-31 15:04:38,879 [INFO] [MainThread] [root/bar_manager.py:74]: Starting KomorebiEventListener...
2025-08-31 15:04:38,880 [INFO] [MainThread] [root/watcher.py:54]: Created file watcher for path C:\Users\lazydog\.config\yasb
2025-08-31 15:04:38,912 [INFO] [Dummy-5] [root/event_listener.py:51]: Created named pipe yasb-24518e5f-8641-11f0-8f78-00e0206c3426
2025-08-31 15:04:38,997 [DEBUG] [MainThread] [qasync._windows._EventPoller/_windows.py:213]: Starting (proactor: <_IocpProactor overlapped#=0 result#=0>)...
2025-08-31 15:04:38,999 [DEBUG] [Dummy-9] [qasync._windows._EventWorker/_windows.py:192]: Thread started
2025-08-31 15:04:39,825 [INFO] [MainThread] [root/controller.py:15]: Reloading Application because of config change.
2025-08-31 15:04:39,927 [INFO] [MainThread] [cli_server/cli_server.py:112]: Log pipe server stopped
2025-08-31 15:04:39,927 [DEBUG] [MainThread] [cli_server/cli_server.py:206]: CLI server stopped
2025-08-31 15:04:39,939 [INFO] [MainThread] [root/bar_manager.py:65]: Successfully loaded updated config and re-initialised all bars.
2025-08-31 15:04:39,939 [DEBUG] [MainThread] [qasync._windows._EventPoller/_windows.py:218]: Stopping worker thread...
2025-08-31 15:04:39,943 [DEBUG] [Dummy-9] [qasync._windows._EventWorker/_windows.py:201]: Exiting thread
2025-08-31 15:04:39,944 [DEBUG] [MainThread] [qasync._windows._IocpProactor/_windows.py:75]: Closing
2025-08-31 15:04:40,409 [INFO] [MainThread] [root/log.py:59]: YASB v1.7.9
2025-08-31 15:04:40,409 [INFO] [Thread-1 (_run_server)] [cli_server/cli_server.py:212]: CLI server started v1.1.2
2025-08-31 15:04:40,409 [INFO] [MainThread] [cli_server/cli_server.py:104]: Log pipe server started
2025-08-31 15:04:40,769 [DEBUG] [MainThread] [comtypes/__init__.py:149]: CoInitializeEx(None, 2)
2025-08-31 15:04:41,039 [DEBUG] [MainThread] [tzlocal/win32.py:55]: Looking up time zone info from registry
2025-08-31 15:04:42,053 [INFO] [MainThread] [root/bar_manager.py:74]: Starting KomorebiEventListener...
2025-08-31 15:04:42,054 [INFO] [MainThread] [root/bar_manager.py:74]: Starting SystemEventListener...
2025-08-31 15:04:42,054 [INFO] [MainThread] [root/watcher.py:54]: Created file watcher for path C:\Users\lazydog\.config\yasb
2025-08-31 15:04:42,055 [INFO] [Dummy-5] [root/event_listener.py:51]: Created named pipe yasb-2635c595-8641-11f0-89c0-00e0206c3426
2025-08-31 15:04:42,151 [DEBUG] [MainThread] [qasync._windows._EventPoller/_windows.py:213]: Starting (proactor: <_IocpProactor overlapped#=0 result#=0>)...
2025-08-31 15:04:42,152 [DEBUG] [Dummy-9] [qasync._windows._EventWorker/_windows.py:192]: Thread started
2025-08-31 15:05:07,850 [INFO] [MainThread] [root/controller.py:15]: Reloading Application because of config change.
2025-08-31 15:05:07,960 [INFO] [MainThread] [cli_server/cli_server.py:112]: Log pipe server stopped
2025-08-31 15:05:07,960 [DEBUG] [MainThread] [cli_server/cli_server.py:206]: CLI server stopped
2025-08-31 15:05:07,968 [INFO] [MainThread] [root/bar_manager.py:65]: Successfully loaded updated config and re-initialised all bars.
2025-08-31 15:05:07,968 [DEBUG] [MainThread] [qasync._windows._EventPoller/_windows.py:218]: Stopping worker thread...
2025-08-31 15:05:07,976 [DEBUG] [Dummy-9] [qasync._windows._EventWorker/_windows.py:201]: Exiting thread
2025-08-31 15:05:07,977 [DEBUG] [MainThread] [qasync._windows._IocpProactor/_windows.py:75]: Closing
2025-08-31 15:05:08,021 [ERROR] [Dummy-20] [root/event_service.py:32]: Failed to emit signal <bound PYQT_SIGNAL window_name_change of ActiveWindowWidget object at 0x0000026985A8C870>. Removing link to WinEvent.EventObjectNameChange.
2025-08-31 15:05:08,478 [INFO] [MainThread] [root/log.py:59]: YASB v1.7.9
2025-08-31 15:05:08,478 [INFO] [Thread-1 (_run_server)] [cli_server/cli_server.py:212]: CLI server started v1.1.2
2025-08-31 15:05:08,478 [INFO] [MainThread] [cli_server/cli_server.py:104]: Log pipe server started
2025-08-31 15:05:08,851 [DEBUG] [MainThread] [comtypes/__init__.py:149]: CoInitializeEx(None, 2)
2025-08-31 15:05:09,128 [DEBUG] [MainThread] [tzlocal/win32.py:55]: Looking up time zone info from registry
2025-08-31 15:05:10,163 [INFO] [MainThread] [root/bar_manager.py:74]: Starting SystemEventListener...
2025-08-31 15:05:10,164 [INFO] [MainThread] [root/bar_manager.py:74]: Starting KomorebiEventListener...
2025-08-31 15:05:10,164 [INFO] [MainThread] [root/watcher.py:54]: Created file watcher for path C:\Users\lazydog\.config\yasb
2025-08-31 15:05:10,210 [INFO] [Dummy-5] [root/event_listener.py:51]: Created named pipe yasb-36f72307-8641-11f0-a9e2-00e0206c3426
2025-08-31 15:05:10,252 [DEBUG] [MainThread] [qasync._windows._EventPoller/_windows.py:213]: Starting (proactor: <_IocpProactor overlapped#=0 result#=0>)...
2025-08-31 15:05:10,254 [DEBUG] [Dummy-7] [qasync._windows._EventWorker/_windows.py:192]: Thread started
2025-08-31 15:05:10,599 [INFO] [MainThread] [root/controller.py:15]: Reloading Application because of config change.
2025-08-31 15:05:10,700 [INFO] [MainThread] [cli_server/cli_server.py:112]: Log pipe server stopped
2025-08-31 15:05:10,700 [DEBUG] [MainThread] [cli_server/cli_server.py:206]: CLI server stopped
2025-08-31 15:05:10,712 [INFO] [MainThread] [root/bar_manager.py:65]: Successfully loaded updated config and re-initialised all bars.
2025-08-31 15:05:10,712 [DEBUG] [MainThread] [qasync._windows._EventPoller/_windows.py:218]: Stopping worker thread...
2025-08-31 15:05:10,720 [DEBUG] [Dummy-7] [qasync._windows._EventWorker/_windows.py:201]: Exiting thread
2025-08-31 15:05:10,721 [DEBUG] [MainThread] [qasync._windows._IocpProactor/_windows.py:75]: Closing
2025-08-31 15:05:10,750 [ERROR] [Dummy-10] [root/event_service.py:32]: Failed to emit signal <bound PYQT_SIGNAL window_name_change of ActiveWindowWidget object at 0x00000118F1BC8870>. Removing link to WinEvent.EventObjectNameChange.
2025-08-31 15:05:11,298 [INFO] [MainThread] [root/log.py:59]: YASB v1.7.9
2025-08-31 15:05:11,298 [INFO] [Thread-1 (_run_server)] [cli_server/cli_server.py:212]: CLI server started v1.1.2
2025-08-31 15:05:11,298 [INFO] [MainThread] [cli_server/cli_server.py:104]: Log pipe server started
2025-08-31 15:05:11,736 [DEBUG] [MainThread] [comtypes/__init__.py:149]: CoInitializeEx(None, 2)
2025-08-31 15:05:12,078 [DEBUG] [MainThread] [tzlocal/win32.py:55]: Looking up time zone info from registry
2025-08-31 15:05:13,023 [INFO] [MainThread] [root/bar_manager.py:74]: Starting SystemEventListener...
2025-08-31 15:05:13,023 [INFO] [MainThread] [root/bar_manager.py:74]: Starting KomorebiEventListener...
2025-08-31 15:05:13,024 [INFO] [MainThread] [root/watcher.py:54]: Created file watcher for path C:\Users\lazydog\.config\yasb
2025-08-31 15:05:13,058 [INFO] [Dummy-5] [root/event_listener.py:51]: Created named pipe yasb-38ab4bbf-8641-11f0-8337-00e0206c3426
2025-08-31 15:05:13,114 [DEBUG] [MainThread] [qasync._windows._EventPoller/_windows.py:213]: Starting (proactor: <_IocpProactor overlapped#=0 result#=0>)...
2025-08-31 15:05:13,115 [DEBUG] [Dummy-9] [qasync._windows._EventWorker/_windows.py:192]: Thread started
2025-08-31 15:05:23,968 [INFO] [MainThread] [root/controller.py:15]: Reloading Application because of config change.
2025-08-31 15:05:24,077 [INFO] [MainThread] [cli_server/cli_server.py:112]: Log pipe server stopped
2025-08-31 15:05:24,077 [DEBUG] [MainThread] [cli_server/cli_server.py:206]: CLI server stopped
2025-08-31 15:05:24,088 [INFO] [MainThread] [root/bar_manager.py:65]: Successfully loaded updated config and re-initialised all bars.
2025-08-31 15:05:24,088 [DEBUG] [MainThread] [qasync._windows._EventPoller/_windows.py:218]: Stopping worker thread...
2025-08-31 15:05:24,096 [DEBUG] [Dummy-9] [qasync._windows._EventWorker/_windows.py:201]: Exiting thread
2025-08-31 15:05:24,096 [DEBUG] [MainThread] [qasync._windows._IocpProactor/_windows.py:75]: Closing
2025-08-31 15:05:24,136 [ERROR] [Dummy-14] [root/event_service.py:32]: Failed to emit signal <bound PYQT_SIGNAL window_name_change of ActiveWindowWidget object at 0x000001F84A188870>. Removing link to WinEvent.EventObjectNameChange.
2025-08-31 15:05:24,603 [INFO] [MainThread] [root/log.py:59]: YASB v1.7.9
2025-08-31 15:05:24,603 [INFO] [Thread-1 (_run_server)] [cli_server/cli_server.py:212]: CLI server started v1.1.2
2025-08-31 15:05:24,603 [INFO] [MainThread] [cli_server/cli_server.py:104]: Log pipe server started
2025-08-31 15:05:24,948 [DEBUG] [MainThread] [comtypes/__init__.py:149]: CoInitializeEx(None, 2)
2025-08-31 15:05:25,203 [DEBUG] [MainThread] [tzlocal/win32.py:55]: Looking up time zone info from registry
2025-08-31 15:05:26,232 [INFO] [MainThread] [root/bar_manager.py:74]: Starting SystemEventListener...
2025-08-31 15:05:26,233 [INFO] [MainThread] [root/bar_manager.py:74]: Starting KomorebiEventListener...
2025-08-31 15:05:26,233 [INFO] [MainThread] [root/watcher.py:54]: Created file watcher for path C:\Users\lazydog\.config\yasb
2025-08-31 15:05:26,265 [INFO] [Dummy-5] [root/event_listener.py:51]: Created named pipe yasb-408b0274-8641-11f0-9b2f-00e0206c3426
2025-08-31 15:05:26,328 [DEBUG] [MainThread] [qasync._windows._EventPoller/_windows.py:213]: Starting (proactor: <_IocpProactor overlapped#=0 result#=0>)...
2025-08-31 15:05:26,329 [DEBUG] [Dummy-9] [qasync._windows._EventWorker/_windows.py:192]: Thread started
2025-08-31 15:05:31,537 [INFO] [MainThread] [root/controller.py:15]: Reloading Application because of config change.
2025-08-31 15:05:31,646 [INFO] [MainThread] [cli_server/cli_server.py:112]: Log pipe server stopped
2025-08-31 15:05:31,646 [DEBUG] [MainThread] [cli_server/cli_server.py:206]: CLI server stopped
2025-08-31 15:05:31,658 [INFO] [MainThread] [root/bar_manager.py:65]: Successfully loaded updated config and re-initialised all bars.
2025-08-31 15:05:31,658 [DEBUG] [MainThread] [qasync._windows._EventPoller/_windows.py:218]: Stopping worker thread...
2025-08-31 15:05:31,678 [DEBUG] [Dummy-9] [qasync._windows._EventWorker/_windows.py:201]: Exiting thread
2025-08-31 15:05:31,678 [DEBUG] [MainThread] [qasync._windows._IocpProactor/_windows.py:75]: Closing
2025-08-31 15:05:32,247 [INFO] [MainThread] [root/log.py:59]: YASB v1.7.9
2025-08-31 15:05:32,247 [INFO] [Thread-1 (_run_server)] [cli_server/cli_server.py:212]: CLI server started v1.1.2
2025-08-31 15:05:32,247 [INFO] [MainThread] [cli_server/cli_server.py:104]: Log pipe server started
2025-08-31 15:05:32,672 [DEBUG] [MainThread] [comtypes/__init__.py:149]: CoInitializeEx(None, 2)
2025-08-31 15:05:32,977 [DEBUG] [MainThread] [tzlocal/win32.py:55]: Looking up time zone info from registry
2025-08-31 15:05:33,922 [INFO] [MainThread] [root/bar_manager.py:74]: Starting KomorebiEventListener...
2025-08-31 15:05:33,922 [INFO] [MainThread] [root/bar_manager.py:74]: Starting SystemEventListener...
2025-08-31 15:05:33,923 [INFO] [MainThread] [root/watcher.py:54]: Created file watcher for path C:\Users\lazydog\.config\yasb
2025-08-31 15:05:33,924 [INFO] [Dummy-5] [root/event_listener.py:51]: Created named pipe yasb-452045dc-8641-11f0-9db5-00e0206c3426
2025-08-31 15:05:34,022 [DEBUG] [MainThread] [qasync._windows._EventPoller/_windows.py:213]: Starting (proactor: <_IocpProactor overlapped#=0 result#=0>)...
2025-08-31 15:05:34,024 [DEBUG] [Dummy-9] [qasync._windows._EventWorker/_windows.py:192]: Thread started
2025-08-31 15:06:15,275 [INFO] [MainThread] [root/controller.py:15]: Reloading Application because of config change.
2025-08-31 15:06:15,386 [INFO] [MainThread] [cli_server/cli_server.py:112]: Log pipe server stopped
2025-08-31 15:06:15,386 [DEBUG] [MainThread] [cli_server/cli_server.py:206]: CLI server stopped
2025-08-31 15:06:15,395 [INFO] [MainThread] [root/bar_manager.py:65]: Successfully loaded updated config and re-initialised all bars.
2025-08-31 15:06:15,395 [DEBUG] [MainThread] [qasync._windows._EventPoller/_windows.py:218]: Stopping worker thread...
2025-08-31 15:06:15,402 [DEBUG] [Dummy-9] [qasync._windows._EventWorker/_windows.py:201]: Exiting thread
2025-08-31 15:06:15,403 [DEBUG] [MainThread] [qasync._windows._IocpProactor/_windows.py:75]: Closing
2025-08-31 15:06:15,904 [INFO] [MainThread] [root/log.py:59]: YASB v1.7.9
2025-08-31 15:06:15,905 [INFO] [Thread-1 (_run_server)] [cli_server/cli_server.py:212]: CLI server started v1.1.2
2025-08-31 15:06:15,906 [INFO] [MainThread] [cli_server/cli_server.py:104]: Log pipe server started
2025-08-31 15:06:16,302 [DEBUG] [MainThread] [comtypes/__init__.py:149]: CoInitializeEx(None, 2)
2025-08-31 15:06:16,569 [DEBUG] [MainThread] [tzlocal/win32.py:55]: Looking up time zone info from registry
2025-08-31 15:06:17,870 [INFO] [MainThread] [root/bar_manager.py:74]: Starting KomorebiEventListener...
2025-08-31 15:06:17,870 [INFO] [MainThread] [root/bar_manager.py:74]: Starting SystemEventListener...
2025-08-31 15:06:17,871 [INFO] [MainThread] [root/watcher.py:54]: Created file watcher for path C:\Users\lazydog\.config\yasb
2025-08-31 15:06:17,915 [INFO] [Dummy-5] [root/event_listener.py:51]: Created named pipe yasb-5f523177-8641-11f0-bcef-00e0206c3426
2025-08-31 15:06:18,002 [DEBUG] [MainThread] [qasync._windows._EventPoller/_windows.py:213]: Starting (proactor: <_IocpProactor overlapped#=0 result#=0>)...
2025-08-31 15:06:18,003 [DEBUG] [Dummy-9] [qasync._windows._EventWorker/_windows.py:192]: Thread started
